C:\USERS\DRONEPC04\DOCUMENTS\VISUAL STUDIO 2012\PROJECTS\CPPDRONE\CPPDRONE\RELEASE\TCPCLIENT.OBJ
C:\USERS\DRONEPC04\DOCUMENTS\VISUAL STUDIO 2012\PROJECTS\CPPDRONE\CPPDRONE\RELEASE\BEBOPCOMMAND.OBJ
C:\USERS\DRONEPC04\DOCUMENTS\VISUAL STUDIO 2012\PROJECTS\CPPDRONE\CPPDRONE\RELEASE\MAIN.OBJ
C:\USERS\DRONEPC04\DOCUMENTS\VISUAL STUDIO 2012\PROJECTS\CPPDRONE\CPPDRONE\RELEASE\TCPSERVER.OBJ
C:\USERS\DRONEPC04\DOCUMENTS\VISUAL STUDIO 2012\PROJECTS\CPPDRONE\CPPDRONE\RELEASE\UDPSOCKET.OBJ
C:\USERS\DRONEPC04\DOCUMENTS\VISUAL STUDIO 2012\PROJECTS\CPPDRONE\CPPDRONE\RELEASE\VC110.PDB
C:\USERS\DRONEPC04\DOCUMENTS\VISUAL STUDIO 2012\PROJECTS\CPPDRONE\RELEASE\CPPDRONE.EXE
C:\USERS\DRONEPC04\DOCUMENTS\VISUAL STUDIO 2012\PROJECTS\CPPDRONE\RELEASE\CPPDRONE.PDB
C:\Users\dronepc04\documents\visual studio 2012\Projects\cppDrone\cppDrone\Release\bebopCommand.obj
C:\Users\dronepc04\documents\visual studio 2012\Projects\cppDrone\cppDrone\Release\main.obj
C:\Users\dronepc04\documents\visual studio 2012\Projects\cppDrone\cppDrone\Release\TCPClient.obj
C:\Users\dronepc04\documents\visual studio 2012\Projects\cppDrone\cppDrone\Release\TCPServer.obj
C:\Users\dronepc04\documents\visual studio 2012\Projects\cppDrone\cppDrone\Release\UDPSocket.obj
C:\Users\dronepc04\documents\visual studio 2012\Projects\cppDrone\cppDrone\Release\cl.command.1.tlog
C:\Users\dronepc04\documents\visual studio 2012\Projects\cppDrone\cppDrone\Release\CL.read.1.tlog
C:\Users\dronepc04\documents\visual studio 2012\Projects\cppDrone\cppDrone\Release\CL.write.1.tlog
C:\Users\dronepc04\documents\visual studio 2012\Projects\cppDrone\cppDrone\Release\link-cvtres.read.1.tlog
C:\Users\dronepc04\documents\visual studio 2012\Projects\cppDrone\cppDrone\Release\link-cvtres.write.1.tlog
C:\Users\dronepc04\documents\visual studio 2012\Projects\cppDrone\cppDrone\Release\link-rc.read.1.tlog
C:\Users\dronepc04\documents\visual studio 2012\Projects\cppDrone\cppDrone\Release\link-rc.write.1.tlog
C:\Users\dronepc04\documents\visual studio 2012\Projects\cppDrone\cppDrone\Release\link.command.1.tlog
C:\Users\dronepc04\documents\visual studio 2012\Projects\cppDrone\cppDrone\Release\link.read.1.tlog
C:\Users\dronepc04\documents\visual studio 2012\Projects\cppDrone\cppDrone\Release\link.read.2.tlog
C:\Users\dronepc04\documents\visual studio 2012\Projects\cppDrone\cppDrone\Release\link.read.3.tlog
C:\Users\dronepc04\documents\visual studio 2012\Projects\cppDrone\cppDrone\Release\link.read.4.tlog
C:\Users\dronepc04\documents\visual studio 2012\Projects\cppDrone\cppDrone\Release\link.write.1.tlog
C:\Users\dronepc04\documents\visual studio 2012\Projects\cppDrone\cppDrone\Release\vc110.pdb
C:\Users\dronepc04\documents\visual studio 2012\Projects\cppDrone\Release\cppDrone.pdb
C:\Users\dronepc04\documents\visual studio 2012\Projects\cppDrone\Release\cppDrone.exe
