C:\USERS\DRONEPC04\DOCUMENTS\VISUAL STUDIO 2012\PROJECTS\CPPDRONE2016-01-26\CPPDRONE\X64\RELEASE\VIDEODATAPOOL.OBJ
C:\USERS\DRONEPC04\DOCUMENTS\VISUAL STUDIO 2012\PROJECTS\CPPDRONE2016-01-26\CPPDRONE\X64\RELEASE\UDPSOCKET.OBJ
C:\USERS\DRONEPC04\DOCUMENTS\VISUAL STUDIO 2012\PROJECTS\CPPDRONE2016-01-26\CPPDRONE\X64\RELEASE\TCPSERVER.OBJ
C:\USERS\DRONEPC04\DOCUMENTS\VISUAL STUDIO 2012\PROJECTS\CPPDRONE2016-01-26\CPPDRONE\X64\RELEASE\TCPCLIENT.OBJ
C:\USERS\DRONEPC04\DOCUMENTS\VISUAL STUDIO 2012\PROJECTS\CPPDRONE2016-01-26\CPPDRONE\X64\RELEASE\MAIN.OBJ
C:\USERS\DRONEPC04\DOCUMENTS\VISUAL STUDIO 2012\PROJECTS\CPPDRONE2016-01-26\CPPDRONE\X64\RELEASE\BEBOPCOMMAND.OBJ
C:\USERS\DRONEPC04\DOCUMENTS\VISUAL STUDIO 2012\PROJECTS\CPPDRONE2016-01-26\CPPDRONE\X64\RELEASE\VC110.PDB
C:\USERS\DRONEPC04\DOCUMENTS\VISUAL STUDIO 2012\PROJECTS\CPPDRONE2016-01-26\X64\RELEASE\CPPDRONE.EXE
C:\USERS\DRONEPC04\DOCUMENTS\VISUAL STUDIO 2012\PROJECTS\CPPDRONE2016-01-26\X64\RELEASE\CPPDRONE.PDB
C:\Users\dronepc04\Documents\Visual Studio 2012\Projects\cppDrone2016-01-26\cppDrone\x64\Release\bebopCommand.obj
C:\Users\dronepc04\Documents\Visual Studio 2012\Projects\cppDrone2016-01-26\cppDrone\x64\Release\main.obj
C:\Users\dronepc04\Documents\Visual Studio 2012\Projects\cppDrone2016-01-26\cppDrone\x64\Release\TCPClient.obj
C:\Users\dronepc04\Documents\Visual Studio 2012\Projects\cppDrone2016-01-26\cppDrone\x64\Release\TCPServer.obj
C:\Users\dronepc04\Documents\Visual Studio 2012\Projects\cppDrone2016-01-26\cppDrone\x64\Release\UDPSocket.obj
C:\Users\dronepc04\Documents\Visual Studio 2012\Projects\cppDrone2016-01-26\cppDrone\x64\Release\VideoDataPool.obj
C:\Users\dronepc04\Documents\Visual Studio 2012\Projects\cppDrone2016-01-26\cppDrone\x64\Release\cl.command.1.tlog
C:\Users\dronepc04\Documents\Visual Studio 2012\Projects\cppDrone2016-01-26\cppDrone\x64\Release\CL.read.1.tlog
C:\Users\dronepc04\Documents\Visual Studio 2012\Projects\cppDrone2016-01-26\cppDrone\x64\Release\CL.write.1.tlog
C:\Users\dronepc04\Documents\Visual Studio 2012\Projects\cppDrone2016-01-26\cppDrone\x64\Release\link-cvtres.read.1.tlog
C:\Users\dronepc04\Documents\Visual Studio 2012\Projects\cppDrone2016-01-26\cppDrone\x64\Release\link-cvtres.write.1.tlog
C:\Users\dronepc04\Documents\Visual Studio 2012\Projects\cppDrone2016-01-26\cppDrone\x64\Release\link-rc.read.1.tlog
C:\Users\dronepc04\Documents\Visual Studio 2012\Projects\cppDrone2016-01-26\cppDrone\x64\Release\link-rc.write.1.tlog
C:\Users\dronepc04\Documents\Visual Studio 2012\Projects\cppDrone2016-01-26\cppDrone\x64\Release\link.command.1.tlog
C:\Users\dronepc04\Documents\Visual Studio 2012\Projects\cppDrone2016-01-26\cppDrone\x64\Release\link.read.1.tlog
C:\Users\dronepc04\Documents\Visual Studio 2012\Projects\cppDrone2016-01-26\cppDrone\x64\Release\link.write.1.tlog
C:\Users\dronepc04\Documents\Visual Studio 2012\Projects\cppDrone2016-01-26\cppDrone\x64\Release\vc110.pdb
C:\Users\dronepc04\Documents\Visual Studio 2012\Projects\cppDrone2016-01-26\x64\Release\cppDrone.pdb
C:\Users\dronepc04\Documents\Visual Studio 2012\Projects\cppDrone2016-01-26\x64\Release\cppDrone.exe
