C:\USERS\DRONEPC04\DOCUMENTS\VISUAL STUDIO 2012\PROJECTS\CPPDRONE\CPPDRONE\DEBUG\BEBOPCOMMAND.OBJ
C:\USERS\DRONEPC04\DOCUMENTS\VISUAL STUDIO 2012\PROJECTS\CPPDRONE\CPPDRONE\DEBUG\MAIN.OBJ
C:\USERS\DRONEPC04\DOCUMENTS\VISUAL STUDIO 2012\PROJECTS\CPPDRONE\CPPDRONE\DEBUG\VC110.PDB
C:\USERS\DRONEPC04\DOCUMENTS\VISUAL STUDIO 2012\PROJECTS\CPPDRONE\DEBUG\CPPDRONE.ILK
C:\USERS\DRONEPC04\DOCUMENTS\VISUAL STUDIO 2012\PROJECTS\CPPDRONE\DEBUG\CPPDRONE.EXE
C:\USERS\DRONEPC04\DOCUMENTS\VISUAL STUDIO 2012\PROJECTS\CPPDRONE\DEBUG\CPPDRONE.PDB
C:\Users\dronepc04\Documents\Visual Studio 2012\Projects\cppDrone\cppDrone\Debug\bebopCommand.obj
C:\Users\dronepc04\Documents\Visual Studio 2012\Projects\cppDrone\cppDrone\Debug\main.obj
C:\Users\dronepc04\Documents\Visual Studio 2012\Projects\cppDrone\cppDrone\Debug\cl.command.1.tlog
C:\Users\dronepc04\Documents\Visual Studio 2012\Projects\cppDrone\cppDrone\Debug\CL.read.1.tlog
C:\Users\dronepc04\Documents\Visual Studio 2012\Projects\cppDrone\cppDrone\Debug\CL.write.1.tlog
C:\Users\dronepc04\Documents\Visual Studio 2012\Projects\cppDrone\cppDrone\Debug\link-cvtres.read.1.tlog
C:\Users\dronepc04\Documents\Visual Studio 2012\Projects\cppDrone\cppDrone\Debug\link-cvtres.write.1.tlog
C:\Users\dronepc04\Documents\Visual Studio 2012\Projects\cppDrone\cppDrone\Debug\link-rc.read.1.tlog
C:\Users\dronepc04\Documents\Visual Studio 2012\Projects\cppDrone\cppDrone\Debug\link-rc.write.1.tlog
C:\Users\dronepc04\Documents\Visual Studio 2012\Projects\cppDrone\cppDrone\Debug\link.10400-cvtres.read.1.tlog
C:\Users\dronepc04\Documents\Visual Studio 2012\Projects\cppDrone\cppDrone\Debug\link.10400-cvtres.write.1.tlog
C:\Users\dronepc04\Documents\Visual Studio 2012\Projects\cppDrone\cppDrone\Debug\link.10400-rc.read.1.tlog
C:\Users\dronepc04\Documents\Visual Studio 2012\Projects\cppDrone\cppDrone\Debug\link.10400-rc.write.1.tlog
C:\Users\dronepc04\Documents\Visual Studio 2012\Projects\cppDrone\cppDrone\Debug\link.10400.read.1.tlog
C:\Users\dronepc04\Documents\Visual Studio 2012\Projects\cppDrone\cppDrone\Debug\link.10400.write.1.tlog
C:\Users\dronepc04\Documents\Visual Studio 2012\Projects\cppDrone\cppDrone\Debug\link.10904-cvtres.read.1.tlog
C:\Users\dronepc04\Documents\Visual Studio 2012\Projects\cppDrone\cppDrone\Debug\link.10904-cvtres.write.1.tlog
C:\Users\dronepc04\Documents\Visual Studio 2012\Projects\cppDrone\cppDrone\Debug\link.10904-rc.read.1.tlog
C:\Users\dronepc04\Documents\Visual Studio 2012\Projects\cppDrone\cppDrone\Debug\link.10904-rc.write.1.tlog
C:\Users\dronepc04\Documents\Visual Studio 2012\Projects\cppDrone\cppDrone\Debug\link.10904.read.1.tlog
C:\Users\dronepc04\Documents\Visual Studio 2012\Projects\cppDrone\cppDrone\Debug\link.10904.write.1.tlog
C:\Users\dronepc04\Documents\Visual Studio 2012\Projects\cppDrone\cppDrone\Debug\link.11208-cvtres.read.1.tlog
C:\Users\dronepc04\Documents\Visual Studio 2012\Projects\cppDrone\cppDrone\Debug\link.11208-cvtres.write.1.tlog
C:\Users\dronepc04\Documents\Visual Studio 2012\Projects\cppDrone\cppDrone\Debug\link.11208-rc.read.1.tlog
C:\Users\dronepc04\Documents\Visual Studio 2012\Projects\cppDrone\cppDrone\Debug\link.11208-rc.write.1.tlog
C:\Users\dronepc04\Documents\Visual Studio 2012\Projects\cppDrone\cppDrone\Debug\link.11208.read.1.tlog
C:\Users\dronepc04\Documents\Visual Studio 2012\Projects\cppDrone\cppDrone\Debug\link.11208.write.1.tlog
C:\Users\dronepc04\Documents\Visual Studio 2012\Projects\cppDrone\cppDrone\Debug\link.11324-cvtres.read.1.tlog
C:\Users\dronepc04\Documents\Visual Studio 2012\Projects\cppDrone\cppDrone\Debug\link.11324-cvtres.write.1.tlog
C:\Users\dronepc04\Documents\Visual Studio 2012\Projects\cppDrone\cppDrone\Debug\link.11324-rc.read.1.tlog
C:\Users\dronepc04\Documents\Visual Studio 2012\Projects\cppDrone\cppDrone\Debug\link.11324-rc.write.1.tlog
C:\Users\dronepc04\Documents\Visual Studio 2012\Projects\cppDrone\cppDrone\Debug\link.11324.read.1.tlog
C:\Users\dronepc04\Documents\Visual Studio 2012\Projects\cppDrone\cppDrone\Debug\link.11324.write.1.tlog
C:\Users\dronepc04\Documents\Visual Studio 2012\Projects\cppDrone\cppDrone\Debug\link.11736-cvtres.read.1.tlog
C:\Users\dronepc04\Documents\Visual Studio 2012\Projects\cppDrone\cppDrone\Debug\link.11736-cvtres.write.1.tlog
C:\Users\dronepc04\Documents\Visual Studio 2012\Projects\cppDrone\cppDrone\Debug\link.11736-rc.read.1.tlog
C:\Users\dronepc04\Documents\Visual Studio 2012\Projects\cppDrone\cppDrone\Debug\link.11736-rc.write.1.tlog
C:\Users\dronepc04\Documents\Visual Studio 2012\Projects\cppDrone\cppDrone\Debug\link.11736.read.1.tlog
C:\Users\dronepc04\Documents\Visual Studio 2012\Projects\cppDrone\cppDrone\Debug\link.11736.write.1.tlog
C:\Users\dronepc04\Documents\Visual Studio 2012\Projects\cppDrone\cppDrone\Debug\link.11796-cvtres.read.1.tlog
C:\Users\dronepc04\Documents\Visual Studio 2012\Projects\cppDrone\cppDrone\Debug\link.11796-cvtres.write.1.tlog
C:\Users\dronepc04\Documents\Visual Studio 2012\Projects\cppDrone\cppDrone\Debug\link.11796-rc.read.1.tlog
C:\Users\dronepc04\Documents\Visual Studio 2012\Projects\cppDrone\cppDrone\Debug\link.11796-rc.write.1.tlog
C:\Users\dronepc04\Documents\Visual Studio 2012\Projects\cppDrone\cppDrone\Debug\link.11796.read.1.tlog
C:\Users\dronepc04\Documents\Visual Studio 2012\Projects\cppDrone\cppDrone\Debug\link.11796.write.1.tlog
C:\Users\dronepc04\Documents\Visual Studio 2012\Projects\cppDrone\cppDrone\Debug\link.13288-cvtres.read.1.tlog
C:\Users\dronepc04\Documents\Visual Studio 2012\Projects\cppDrone\cppDrone\Debug\link.13288-cvtres.write.1.tlog
C:\Users\dronepc04\Documents\Visual Studio 2012\Projects\cppDrone\cppDrone\Debug\link.13288-rc.read.1.tlog
C:\Users\dronepc04\Documents\Visual Studio 2012\Projects\cppDrone\cppDrone\Debug\link.13288-rc.write.1.tlog
C:\Users\dronepc04\Documents\Visual Studio 2012\Projects\cppDrone\cppDrone\Debug\link.13288.read.1.tlog
C:\Users\dronepc04\Documents\Visual Studio 2012\Projects\cppDrone\cppDrone\Debug\link.13288.write.1.tlog
C:\Users\dronepc04\Documents\Visual Studio 2012\Projects\cppDrone\cppDrone\Debug\link.14284-cvtres.read.1.tlog
C:\Users\dronepc04\Documents\Visual Studio 2012\Projects\cppDrone\cppDrone\Debug\link.14284-cvtres.write.1.tlog
C:\Users\dronepc04\Documents\Visual Studio 2012\Projects\cppDrone\cppDrone\Debug\link.14284-rc.read.1.tlog
C:\Users\dronepc04\Documents\Visual Studio 2012\Projects\cppDrone\cppDrone\Debug\link.14284-rc.write.1.tlog
C:\Users\dronepc04\Documents\Visual Studio 2012\Projects\cppDrone\cppDrone\Debug\link.14284.read.1.tlog
C:\Users\dronepc04\Documents\Visual Studio 2012\Projects\cppDrone\cppDrone\Debug\link.14284.write.1.tlog
C:\Users\dronepc04\Documents\Visual Studio 2012\Projects\cppDrone\cppDrone\Debug\link.1464-cvtres.read.1.tlog
C:\Users\dronepc04\Documents\Visual Studio 2012\Projects\cppDrone\cppDrone\Debug\link.1464-cvtres.write.1.tlog
C:\Users\dronepc04\Documents\Visual Studio 2012\Projects\cppDrone\cppDrone\Debug\link.1464-rc.read.1.tlog
C:\Users\dronepc04\Documents\Visual Studio 2012\Projects\cppDrone\cppDrone\Debug\link.1464-rc.write.1.tlog
C:\Users\dronepc04\Documents\Visual Studio 2012\Projects\cppDrone\cppDrone\Debug\link.1464.read.1.tlog
C:\Users\dronepc04\Documents\Visual Studio 2012\Projects\cppDrone\cppDrone\Debug\link.1464.write.1.tlog
C:\Users\dronepc04\Documents\Visual Studio 2012\Projects\cppDrone\cppDrone\Debug\link.1712-cvtres.read.1.tlog
C:\Users\dronepc04\Documents\Visual Studio 2012\Projects\cppDrone\cppDrone\Debug\link.1712-cvtres.write.1.tlog
C:\Users\dronepc04\Documents\Visual Studio 2012\Projects\cppDrone\cppDrone\Debug\link.1712-rc.read.1.tlog
C:\Users\dronepc04\Documents\Visual Studio 2012\Projects\cppDrone\cppDrone\Debug\link.1712-rc.write.1.tlog
C:\Users\dronepc04\Documents\Visual Studio 2012\Projects\cppDrone\cppDrone\Debug\link.1712.read.1.tlog
C:\Users\dronepc04\Documents\Visual Studio 2012\Projects\cppDrone\cppDrone\Debug\link.1712.write.1.tlog
C:\Users\dronepc04\Documents\Visual Studio 2012\Projects\cppDrone\cppDrone\Debug\link.1864-cvtres.read.1.tlog
C:\Users\dronepc04\Documents\Visual Studio 2012\Projects\cppDrone\cppDrone\Debug\link.1864-cvtres.write.1.tlog
C:\Users\dronepc04\Documents\Visual Studio 2012\Projects\cppDrone\cppDrone\Debug\link.1864-rc.read.1.tlog
C:\Users\dronepc04\Documents\Visual Studio 2012\Projects\cppDrone\cppDrone\Debug\link.1864-rc.write.1.tlog
C:\Users\dronepc04\Documents\Visual Studio 2012\Projects\cppDrone\cppDrone\Debug\link.1864.read.1.tlog
C:\Users\dronepc04\Documents\Visual Studio 2012\Projects\cppDrone\cppDrone\Debug\link.1864.write.1.tlog
C:\Users\dronepc04\Documents\Visual Studio 2012\Projects\cppDrone\cppDrone\Debug\link.6676-cvtres.read.1.tlog
C:\Users\dronepc04\Documents\Visual Studio 2012\Projects\cppDrone\cppDrone\Debug\link.6676-cvtres.write.1.tlog
C:\Users\dronepc04\Documents\Visual Studio 2012\Projects\cppDrone\cppDrone\Debug\link.6676-rc.read.1.tlog
C:\Users\dronepc04\Documents\Visual Studio 2012\Projects\cppDrone\cppDrone\Debug\link.6676-rc.write.1.tlog
C:\Users\dronepc04\Documents\Visual Studio 2012\Projects\cppDrone\cppDrone\Debug\link.6676.read.1.tlog
C:\Users\dronepc04\Documents\Visual Studio 2012\Projects\cppDrone\cppDrone\Debug\link.6676.write.1.tlog
C:\Users\dronepc04\Documents\Visual Studio 2012\Projects\cppDrone\cppDrone\Debug\link.6860-cvtres.read.1.tlog
C:\Users\dronepc04\Documents\Visual Studio 2012\Projects\cppDrone\cppDrone\Debug\link.6860-cvtres.write.1.tlog
C:\Users\dronepc04\Documents\Visual Studio 2012\Projects\cppDrone\cppDrone\Debug\link.6860-rc.read.1.tlog
C:\Users\dronepc04\Documents\Visual Studio 2012\Projects\cppDrone\cppDrone\Debug\link.6860-rc.write.1.tlog
C:\Users\dronepc04\Documents\Visual Studio 2012\Projects\cppDrone\cppDrone\Debug\link.6860.read.1.tlog
C:\Users\dronepc04\Documents\Visual Studio 2012\Projects\cppDrone\cppDrone\Debug\link.6860.write.1.tlog
C:\Users\dronepc04\Documents\Visual Studio 2012\Projects\cppDrone\cppDrone\Debug\link.6988-cvtres.read.1.tlog
C:\Users\dronepc04\Documents\Visual Studio 2012\Projects\cppDrone\cppDrone\Debug\link.6988-cvtres.write.1.tlog
C:\Users\dronepc04\Documents\Visual Studio 2012\Projects\cppDrone\cppDrone\Debug\link.6988-rc.read.1.tlog
C:\Users\dronepc04\Documents\Visual Studio 2012\Projects\cppDrone\cppDrone\Debug\link.6988-rc.write.1.tlog
C:\Users\dronepc04\Documents\Visual Studio 2012\Projects\cppDrone\cppDrone\Debug\link.6988.read.1.tlog
C:\Users\dronepc04\Documents\Visual Studio 2012\Projects\cppDrone\cppDrone\Debug\link.6988.write.1.tlog
C:\Users\dronepc04\Documents\Visual Studio 2012\Projects\cppDrone\cppDrone\Debug\link.7064-cvtres.read.1.tlog
C:\Users\dronepc04\Documents\Visual Studio 2012\Projects\cppDrone\cppDrone\Debug\link.7064-cvtres.write.1.tlog
C:\Users\dronepc04\Documents\Visual Studio 2012\Projects\cppDrone\cppDrone\Debug\link.7064-rc.read.1.tlog
C:\Users\dronepc04\Documents\Visual Studio 2012\Projects\cppDrone\cppDrone\Debug\link.7064-rc.write.1.tlog
C:\Users\dronepc04\Documents\Visual Studio 2012\Projects\cppDrone\cppDrone\Debug\link.7064.read.1.tlog
C:\Users\dronepc04\Documents\Visual Studio 2012\Projects\cppDrone\cppDrone\Debug\link.7064.write.1.tlog
C:\Users\dronepc04\Documents\Visual Studio 2012\Projects\cppDrone\cppDrone\Debug\link.7260-cvtres.read.1.tlog
C:\Users\dronepc04\Documents\Visual Studio 2012\Projects\cppDrone\cppDrone\Debug\link.7260-cvtres.write.1.tlog
C:\Users\dronepc04\Documents\Visual Studio 2012\Projects\cppDrone\cppDrone\Debug\link.7260-rc.read.1.tlog
C:\Users\dronepc04\Documents\Visual Studio 2012\Projects\cppDrone\cppDrone\Debug\link.7260-rc.write.1.tlog
C:\Users\dronepc04\Documents\Visual Studio 2012\Projects\cppDrone\cppDrone\Debug\link.7260.read.1.tlog
C:\Users\dronepc04\Documents\Visual Studio 2012\Projects\cppDrone\cppDrone\Debug\link.7260.write.1.tlog
C:\Users\dronepc04\Documents\Visual Studio 2012\Projects\cppDrone\cppDrone\Debug\link.7400-cvtres.read.1.tlog
C:\Users\dronepc04\Documents\Visual Studio 2012\Projects\cppDrone\cppDrone\Debug\link.7400-cvtres.write.1.tlog
C:\Users\dronepc04\Documents\Visual Studio 2012\Projects\cppDrone\cppDrone\Debug\link.7400-rc.read.1.tlog
C:\Users\dronepc04\Documents\Visual Studio 2012\Projects\cppDrone\cppDrone\Debug\link.7400-rc.write.1.tlog
C:\Users\dronepc04\Documents\Visual Studio 2012\Projects\cppDrone\cppDrone\Debug\link.7400.read.1.tlog
C:\Users\dronepc04\Documents\Visual Studio 2012\Projects\cppDrone\cppDrone\Debug\link.7400.write.1.tlog
C:\Users\dronepc04\Documents\Visual Studio 2012\Projects\cppDrone\cppDrone\Debug\link.8212-cvtres.read.1.tlog
C:\Users\dronepc04\Documents\Visual Studio 2012\Projects\cppDrone\cppDrone\Debug\link.8212-cvtres.write.1.tlog
C:\Users\dronepc04\Documents\Visual Studio 2012\Projects\cppDrone\cppDrone\Debug\link.8212-rc.read.1.tlog
C:\Users\dronepc04\Documents\Visual Studio 2012\Projects\cppDrone\cppDrone\Debug\link.8212-rc.write.1.tlog
C:\Users\dronepc04\Documents\Visual Studio 2012\Projects\cppDrone\cppDrone\Debug\link.8212.read.1.tlog
C:\Users\dronepc04\Documents\Visual Studio 2012\Projects\cppDrone\cppDrone\Debug\link.8212.write.1.tlog
C:\Users\dronepc04\Documents\Visual Studio 2012\Projects\cppDrone\cppDrone\Debug\link.8696-cvtres.read.1.tlog
C:\Users\dronepc04\Documents\Visual Studio 2012\Projects\cppDrone\cppDrone\Debug\link.8696-cvtres.write.1.tlog
C:\Users\dronepc04\Documents\Visual Studio 2012\Projects\cppDrone\cppDrone\Debug\link.8696-rc.read.1.tlog
C:\Users\dronepc04\Documents\Visual Studio 2012\Projects\cppDrone\cppDrone\Debug\link.8696-rc.write.1.tlog
C:\Users\dronepc04\Documents\Visual Studio 2012\Projects\cppDrone\cppDrone\Debug\link.8696.read.1.tlog
C:\Users\dronepc04\Documents\Visual Studio 2012\Projects\cppDrone\cppDrone\Debug\link.8696.write.1.tlog
C:\Users\dronepc04\Documents\Visual Studio 2012\Projects\cppDrone\cppDrone\Debug\link.9304-cvtres.read.1.tlog
C:\Users\dronepc04\Documents\Visual Studio 2012\Projects\cppDrone\cppDrone\Debug\link.9304-cvtres.write.1.tlog
C:\Users\dronepc04\Documents\Visual Studio 2012\Projects\cppDrone\cppDrone\Debug\link.9304-rc.read.1.tlog
C:\Users\dronepc04\Documents\Visual Studio 2012\Projects\cppDrone\cppDrone\Debug\link.9304-rc.write.1.tlog
C:\Users\dronepc04\Documents\Visual Studio 2012\Projects\cppDrone\cppDrone\Debug\link.9304.read.1.tlog
C:\Users\dronepc04\Documents\Visual Studio 2012\Projects\cppDrone\cppDrone\Debug\link.9304.write.1.tlog
C:\Users\dronepc04\Documents\Visual Studio 2012\Projects\cppDrone\cppDrone\Debug\link.9880-cvtres.read.1.tlog
C:\Users\dronepc04\Documents\Visual Studio 2012\Projects\cppDrone\cppDrone\Debug\link.9880-cvtres.write.1.tlog
C:\Users\dronepc04\Documents\Visual Studio 2012\Projects\cppDrone\cppDrone\Debug\link.9880-rc.read.1.tlog
C:\Users\dronepc04\Documents\Visual Studio 2012\Projects\cppDrone\cppDrone\Debug\link.9880-rc.write.1.tlog
C:\Users\dronepc04\Documents\Visual Studio 2012\Projects\cppDrone\cppDrone\Debug\link.9880.read.1.tlog
C:\Users\dronepc04\Documents\Visual Studio 2012\Projects\cppDrone\cppDrone\Debug\link.9880.write.1.tlog
C:\Users\dronepc04\Documents\Visual Studio 2012\Projects\cppDrone\cppDrone\Debug\link.command.1.tlog
C:\Users\dronepc04\Documents\Visual Studio 2012\Projects\cppDrone\cppDrone\Debug\link.read.1.tlog
C:\Users\dronepc04\Documents\Visual Studio 2012\Projects\cppDrone\cppDrone\Debug\link.write.1.tlog
C:\Users\dronepc04\Documents\Visual Studio 2012\Projects\cppDrone\cppDrone\Debug\vc110.idb
C:\Users\dronepc04\Documents\Visual Studio 2012\Projects\cppDrone\cppDrone\Debug\vc110.pdb
C:\Users\dronepc04\Documents\Visual Studio 2012\Projects\cppDrone\Debug\cppDrone.pdb
C:\Users\dronepc04\Documents\Visual Studio 2012\Projects\cppDrone\Debug\cppDrone.exe
C:\Users\dronepc04\Documents\Visual Studio 2012\Projects\cppDrone\Debug\cppDrone.ilk
